<?xml version="1.0" encoding="UTF-8"?>
<!-- Generated by org.testng.reporters.JUnitReportReporter -->
<testsuite hostname="Fatihs-MacBook-Air.local" name="com.github.sevcensokmen.googlesearch.runner.MainRunner" tests="1" failures="0" timestamp="25 Jan 2019 13:10:14 GMT" time="0.469" errors="0">
  <testcase name="feature" time="0.469" classname="com.github.sevcensokmen.googlesearch.runner.MainRunner"/>
</testsuite> <!-- com.github.sevcensokmen.googlesearch.runner.MainRunner -->
